Determining if the pthread_create exist failed with the following output:
Change Dir: /home/ada/Documents/AUVic 2017/build/CMakeFiles/CMakeTmp

Run Build Command:/usr/bin/make "cmTryCompileExec1603630309/fast"
/usr/bin/make -f CMakeFiles/cmTryCompileExec1603630309.dir/build.make CMakeFiles/cmTryCompileExec1603630309.dir/build
make[1]: Entering directory `/home/ada/Documents/AUVic 2017/build/CMakeFiles/CMakeTmp'
/usr/bin/cmake -E cmake_progress_report "/home/ada/Documents/AUVic 2017/build/CMakeFiles/CMakeTmp/CMakeFiles" 1
Building C object CMakeFiles/cmTryCompileExec1603630309.dir/CheckSymbolExists.c.o
/usr/bin/cc    -o CMakeFiles/cmTryCompileExec1603630309.dir/CheckSymbolExists.c.o   -c "/home/ada/Documents/AUVic 2017/build/CMakeFiles/CMakeTmp/CheckSymbolExists.c"
Linking C executable cmTryCompileExec1603630309
/usr/bin/cmake -E cmake_link_script CMakeFiles/cmTryCompileExec1603630309.dir/link.txt --verbose=1
/usr/bin/cc       CMakeFiles/cmTryCompileExec1603630309.dir/CheckSymbolExists.c.o  -o cmTryCompileExec1603630309 -rdynamic 
CMakeFiles/cmTryCompileExec1603630309.dir/CheckSymbolExists.c.o: In function `main':
CheckSymbolExists.c:(.text+0x16): undefined reference to `pthread_create'
collect2: error: ld returned 1 exit status
make[1]: *** [cmTryCompileExec1603630309] Error 1
make[1]: Leaving directory `/home/ada/Documents/AUVic 2017/build/CMakeFiles/CMakeTmp'
make: *** [cmTryCompileExec1603630309/fast] Error 2

File /home/ada/Documents/AUVic 2017/build/CMakeFiles/CMakeTmp/CheckSymbolExists.c:
/* */
#include <pthread.h>

int main(int argc, char** argv)
{
  (void)argv;
#ifndef pthread_create
  return ((int*)(&pthread_create))[argc];
#else
  (void)argc;
  return 0;
#endif
}

Determining if the function pthread_create exists in the pthreads failed with the following output:
Change Dir: /home/ada/Documents/AUVic 2017/build/CMakeFiles/CMakeTmp

Run Build Command:/usr/bin/make "cmTryCompileExec176417622/fast"
/usr/bin/make -f CMakeFiles/cmTryCompileExec176417622.dir/build.make CMakeFiles/cmTryCompileExec176417622.dir/build
make[1]: Entering directory `/home/ada/Documents/AUVic 2017/build/CMakeFiles/CMakeTmp'
/usr/bin/cmake -E cmake_progress_report "/home/ada/Documents/AUVic 2017/build/CMakeFiles/CMakeTmp/CMakeFiles" 1
Building C object CMakeFiles/cmTryCompileExec176417622.dir/CheckFunctionExists.c.o
/usr/bin/cc   -DCHECK_FUNCTION_EXISTS=pthread_create   -o CMakeFiles/cmTryCompileExec176417622.dir/CheckFunctionExists.c.o   -c /usr/share/cmake-2.8/Modules/CheckFunctionExists.c
Linking C executable cmTryCompileExec176417622
/usr/bin/cmake -E cmake_link_script CMakeFiles/cmTryCompileExec176417622.dir/link.txt --verbose=1
/usr/bin/cc   -DCHECK_FUNCTION_EXISTS=pthread_create    CMakeFiles/cmTryCompileExec176417622.dir/CheckFunctionExists.c.o  -o cmTryCompileExec176417622 -rdynamic -lpthreads 
/usr/bin/ld: cannot find -lpthreads
collect2: error: ld returned 1 exit status
make[1]: *** [cmTryCompileExec176417622] Error 1
make[1]: Leaving directory `/home/ada/Documents/AUVic 2017/build/CMakeFiles/CMakeTmp'
make: *** [cmTryCompileExec176417622/fast] Error 2


